<?xml version="1.0" encoding="UTF-8"?>
<testsuite name="com.example.thymeleafexamples.ThymeleafExamplesApplicationTests" tests="2" skipped="0" failures="0" errors="0" timestamp="2026-05-04T05:22:15.548Z" hostname="DESKTOP-QCRJUG5" time="3.422">
  <properties/>
  <testcase name="contextLoads()" classname="com.example.thymeleafexamples.ThymeleafExamplesApplicationTests" time="1.712"/>
  <testcase name="homeReturnsOk()" classname="com.example.thymeleafexamples.ThymeleafExamplesApplicationTests" time="1.707"/>
  <system-out><![CDATA[14:22:01.094 [Test worker] INFO org.springframework.test.context.support.AnnotationConfigContextLoaderUtils -- Could not detect default configuration classes for test class [com.example.thymeleafexamples.ThymeleafExamplesApplicationTests]: ThymeleafExamplesApplicationTests does not declare any static, non-private, non-final, nested classes annotated with @Configuration.
14:22:01.433 [Test worker] INFO org.springframework.boot.test.context.SpringBootTestContextBootstrapper -- Found @SpringBootConfiguration com.example.thymeleafexamples.ThymeleafExamplesApplication for test class com.example.thymeleafexamples.ThymeleafExamplesApplicationTests

  .   ____          _            __ _ _
 /\\ / ___'_ __ _ _(_)_ __  __ _ \ \ \ \
( ( )\___ | '_ | '_| | '_ \/ _` | \ \ \ \
 \\/  ___)| |_)| | | | | || (_| |  ) ) ) )
  '  |____| .__|_| |_|_| |_\__, | / / / /
 =========|_|==============|___/=/_/_/_/

 :: Spring Boot ::               (v3.3.12)

2026-05-04T14:22:02.511+09:00  INFO 16256 --- [    Test worker] c.e.t.ThymeleafExamplesApplicationTests  : Starting ThymeleafExamplesApplicationTests using Java 17.0.17 with PID 16256 (started by TJ in D:\spring1\thymeleaf-examples)
2026-05-04T14:22:02.516+09:00  INFO 16256 --- [    Test worker] c.e.t.ThymeleafExamplesApplicationTests  : No active profile set, falling back to 1 default profile: "default"
2026-05-04T14:22:04.651+09:00  INFO 16256 --- [    Test worker] .s.d.r.c.RepositoryConfigurationDelegate : Bootstrapping Spring Data JPA repositories in DEFAULT mode.
2026-05-04T14:22:04.879+09:00  INFO 16256 --- [    Test worker] .s.d.r.c.RepositoryConfigurationDelegate : Finished Spring Data repository scanning in 194 ms. Found 2 JPA repository interfaces.
2026-05-04T14:22:06.615+09:00  INFO 16256 --- [    Test worker] o.hibernate.jpa.internal.util.LogHelper  : HHH000204: Processing PersistenceUnitInfo [name: default]
2026-05-04T14:22:07.148+09:00  INFO 16256 --- [    Test worker] org.hibernate.Version                    : HHH000412: Hibernate ORM core version 6.5.3.Final
2026-05-04T14:22:07.335+09:00  INFO 16256 --- [    Test worker] o.h.c.internal.RegionFactoryInitiator    : HHH000026: Second-level cache disabled
2026-05-04T14:22:08.627+09:00  INFO 16256 --- [    Test worker] o.s.o.j.p.SpringPersistenceUnitInfo      : No LoadTimeWeaver setup: ignoring JPA class transformer
2026-05-04T14:22:08.705+09:00  INFO 16256 --- [    Test worker] com.zaxxer.hikari.HikariDataSource       : HikariPool-1 - Starting...
2026-05-04T14:22:09.489+09:00  INFO 16256 --- [    Test worker] com.zaxxer.hikari.pool.HikariPool        : HikariPool-1 - Added connection conn0: url=jdbc:h2:mem:thymeleaf_examples_test user=SA
2026-05-04T14:22:09.500+09:00  INFO 16256 --- [    Test worker] com.zaxxer.hikari.HikariDataSource       : HikariPool-1 - Start completed.
2026-05-04T14:22:11.253+09:00  INFO 16256 --- [    Test worker] o.h.e.t.j.p.i.JtaPlatformInitiator       : HHH000489: No JTA platform available (set 'hibernate.transaction.jta.platform' to enable JTA platform integration)
2026-05-04T14:22:11.309+09:00  INFO 16256 --- [    Test worker] j.LocalContainerEntityManagerFactoryBean : Initialized JPA EntityManagerFactory for persistence unit 'default'
2026-05-04T14:22:12.917+09:00  INFO 16256 --- [    Test worker] o.s.b.a.w.s.WelcomePageHandlerMapping    : Adding welcome page template: index
2026-05-04T14:22:14.132+09:00  INFO 16256 --- [    Test worker] o.s.b.t.m.w.SpringBootMockServletContext : Initializing Spring TestDispatcherServlet ''
2026-05-04T14:22:14.132+09:00  INFO 16256 --- [    Test worker] o.s.t.web.servlet.TestDispatcherServlet  : Initializing Servlet ''
2026-05-04T14:22:14.136+09:00  INFO 16256 --- [    Test worker] o.s.t.web.servlet.TestDispatcherServlet  : Completed initialization in 2 ms
2026-05-04T14:22:14.401+09:00  INFO 16256 --- [    Test worker] c.e.t.ThymeleafExamplesApplicationTests  : Started ThymeleafExamplesApplicationTests in 12.495 seconds (process running for 16.488)
]]></system-out>
  <system-err><![CDATA[]]></system-err>
</testsuite>
